2020-12-10 20:46:12 +0000  Initial pipeline context: <IDEDistributionProcessingPipelineContext: 0x7fe6243911b0; archive(resolved)='<IDEArchive: 0x7fe6243b6f20>', distributionTask(resolved)='2', distributionDestination(resolved)='1', distributionMethod(resolved)='<IDEDistributionMethodiOSAppStoreDistribution: 0x7fe6766add60>', team(resolved)='<IDEProvisioningDisambiguatableBasicTeam: 0x7fe6786edb60; teamID='8LHATU4WP9', teamName='Ricardo Groothedde', teamType='Individual', username='koen@fixjeiphone.nl', isFreeProvisioningTeam='0'>'>
	Chain (12, self inclusive):
	<IDEDistributionProcessingPipelineContext: 0x7fe6243911b0; archive = '<IDEArchive: 0x7fe6243b6f20>', distributionMethod='<IDEDistributionMethodiOSAppStoreDistribution: 0x7fe6766add60>', team='<IDEProvisioningDisambiguatableBasicTeam: 0x7fe6786edb60; teamID='8LHATU4WP9', teamName='Ricardo Groothedde', teamType='Individual', username='koen@fixjeiphone.nl', isFreeProvisioningTeam='0'>'>
	<IDEDistributionProcessingPipelineContext: 0x7fe642c769b0; archive = '<IDEArchive: 0x7fe6243b6f20>', distributionMethod='<IDEDistributionMethodiOSAppStoreDistribution: 0x7fe6766add60>', team='<IDEProvisioningDisambiguatableBasicTeam: 0x7fe6786edb60; teamID='8LHATU4WP9', teamName='Ricardo Groothedde', teamType='Individual', username='koen@fixjeiphone.nl', isFreeProvisioningTeam='0'>'>
	<IDEDistributionContext: 0x7fe642e38470; archive = '<IDEArchive: 0x7fe6243b6f20>', distributionMethod='<IDEDistributionMethodiOSAppStoreDistribution: 0x7fe6766add60>', team='<IDEProvisioningDisambiguatableBasicTeam: 0x7fe6786edb60; teamID='8LHATU4WP9', teamName='Ricardo Groothedde', teamType='Individual', username='koen@fixjeiphone.nl', isFreeProvisioningTeam='0'>'>
	<IDEDistributionContext: 0x7fe642bd6bb0; archive = '<IDEArchive: 0x7fe6243b6f20>', distributionMethod='<IDEDistributionMethodiOSAppStoreDistribution: 0x7fe6766add60>', team='<IDEProvisioningDisambiguatableBasicTeam: 0x7fe6786edb60; teamID='8LHATU4WP9', teamName='Ricardo Groothedde', teamType='Individual', username='koen@fixjeiphone.nl', isFreeProvisioningTeam='0'>'>
	<IDEDistributionContext: 0x7fe642b66b10; archive = '<IDEArchive: 0x7fe6243b6f20>', distributionMethod='<IDEDistributionMethodiOSAppStoreDistribution: 0x7fe6766add60>', team='<IDEProvisioningDisambiguatableBasicTeam: 0x7fe6786edb60; teamID='8LHATU4WP9', teamName='Ricardo Groothedde', teamType='Individual', username='koen@fixjeiphone.nl', isFreeProvisioningTeam='0'>'>
	<IDEDistributionContext: 0x7fe642dd7a00; archive = '<IDEArchive: 0x7fe6243b6f20>', distributionMethod='<IDEDistributionMethodiOSAppStoreDistribution: 0x7fe6766add60>', team='<IDEProvisioningDisambiguatableBasicTeam: 0x7fe6786edb60; teamID='8LHATU4WP9', teamName='Ricardo Groothedde', teamType='Individual', username='koen@fixjeiphone.nl', isFreeProvisioningTeam='0'>'>
	<IDEDistributionContext: 0x7fe642e21880; archive = '<IDEArchive: 0x7fe6243b6f20>', distributionMethod='<IDEDistributionMethodiOSAppStoreDistribution: 0x7fe6766add60>', team='<IDEProvisioningDisambiguatableBasicTeam: 0x7fe6786edb60; teamID='8LHATU4WP9', teamName='Ricardo Groothedde', teamType='Individual', username='koen@fixjeiphone.nl', isFreeProvisioningTeam='0'>'>
	<IDEDistributionContext: 0x7fe60cf0f8e0; archive = '<IDEArchive: 0x7fe6243b6f20>', distributionMethod='<IDEDistributionMethodiOSAppStoreDistribution: 0x7fe6766add60>', team='<IDEProvisioningDisambiguatableBasicTeam: 0x7fe6786edb60; teamID='8LHATU4WP9', teamName='Ricardo Groothedde', teamType='Individual', username='koen@fixjeiphone.nl', isFreeProvisioningTeam='0'>'>
	<IDEDistributionContext: 0x7fe617382110; archive = '<IDEArchive: 0x7fe6243b6f20>', distributionMethod='<IDEDistributionMethodiOSAppStoreDistribution: 0x7fe6766add60>', team='<IDEProvisioningDisambiguatableBasicTeam: 0x7fe6786edb60; teamID='8LHATU4WP9', teamName='Ricardo Groothedde', teamType='Individual', username='koen@fixjeiphone.nl', isFreeProvisioningTeam='0'>'>
	<IDEDistributionContext: 0x7fe5fb51cfe0; archive = '<IDEArchive: 0x7fe6243b6f20>', distributionMethod='<IDEDistributionMethodiOSAppStoreDistribution: 0x7fe6766add60>', team='(null)'>
	<IDEDistributionContext: 0x7fe642bd6a30; archive = '<IDEArchive: 0x7fe6243b6f20>', distributionMethod='<IDEDistributionMethodiOSAppStoreDistribution: 0x7fe6766add60>', team='(null)'>
	<IDEDistributionContext: 0x7fe626c16260; archive = '<IDEArchive: 0x7fe6243b6f20>', distributionMethod='(null)', team='(null)'>
</IDEDistributionProcessingPipelineContext: 0x7fe6243911b0>
2020-12-10 20:46:12 +0000  Processing step: IDEDistributionCreateDestRootStep
2020-12-10 20:46:12 +0000  Processing step: IDEDistributionCopyItemStep
2020-12-10 20:46:12 +0000  Running /usr/bin/ditto '-V' '/Users/koenvanginkel/Library/Developer/Xcode/Archives/2020-12-10/CyclingCode 10-12-2020, 21.26.06.xcarchive/Products/Applications/Cycling Code.app' '/var/folders/hv/5nvw8mv51vd5y19_pc5_nbbm0000gn/T/XcodeDistPipeline.~~~PEN3lS/Root/Payload/Cycling Code.app'
2020-12-10 20:46:12 +0000  >>> Copying /Users/koenvanginkel/Library/Developer/Xcode/Archives/2020-12-10/CyclingCode 10-12-2020, 21.26.06.xcarchive/Products/Applications/Cycling Code.app 
2020-12-10 20:46:12 +0000  copying file ./_CodeSignature/CodeResources ... 
2020-12-10 20:46:12 +0000  10264 bytes for ./_CodeSignature/CodeResources
2020-12-10 20:46:12 +0000  copying file ./AppIcon20x20@2x.png ... 
2020-12-10 20:46:12 +0000  3727 bytes for ./AppIcon20x20@2x.png
copying file ./gillsans.otf ... 
2020-12-10 20:46:12 +0000  149908 bytes for ./gillsans.otf
copying file ./Cycling Code ... 
2020-12-10 20:46:12 +0000  35373216 bytes for ./Cycling Code
copying file ./AppIcon20x20@3x.png ... 
2020-12-10 20:46:12 +0000  6502 bytes for ./AppIcon20x20@3x.png
2020-12-10 20:46:12 +0000  copying file ./AppIcon60x60@2x.png ... 
2020-12-10 20:46:12 +0000  3911 bytes for ./AppIcon60x60@2x.png
2020-12-10 20:46:12 +0000  copying file ./AppIcon29x29@2x.png ... 
6178 bytes for ./AppIcon29x29@2x.png
copying file ./AppIcon40x40@3x.png ... 
2020-12-10 20:46:12 +0000  15262 bytes for ./AppIcon40x40@3x.png
copying file ./AppIcon40x40@2x.png ... 
2020-12-10 20:46:12 +0000  9300 bytes for ./AppIcon40x40@2x.png
2020-12-10 20:46:12 +0000  copying file ./AppIcon29x29@3x.png ... 
2020-12-10 20:46:12 +0000  10412 bytes for ./AppIcon29x29@3x.png
2020-12-10 20:46:12 +0000  copying file ./AccessibilityResources.bundle/en.lproj/Localizable.strings ... 
2020-12-10 20:46:12 +0000  530 bytes for ./AccessibilityResources.bundle/en.lproj/Localizable.strings
2020-12-10 20:46:12 +0000  copying file ./AccessibilityResources.bundle/Info.plist ... 
2020-12-10 20:46:12 +0000  744 bytes for ./AccessibilityResources.bundle/Info.plist
2020-12-10 20:46:12 +0000  copying file ./AppIcon60x60@3x.png ... 
2020-12-10 20:46:12 +0000  5189 bytes for ./AppIcon60x60@3x.png
copying file ./Assets.car ... 
2020-12-10 20:46:12 +0000  134264 bytes for ./Assets.car
2020-12-10 20:46:12 +0000  copying file ./futura.otf ... 
2020-12-10 20:46:12 +0000  23672 bytes for ./futura.otf
2020-12-10 20:46:12 +0000  copying file ./main.jsbundle ... 
2020-12-10 20:46:12 +0000  685520 bytes for ./main.jsbundle
2020-12-10 20:46:12 +0000  copying file ./LaunchScreen.storyboardc/01J-lp-oVM-view-Ze5-6b-2t3.nib/objects-11.0+.nib ... 
2020-12-10 20:46:12 +0000  4234 bytes for ./LaunchScreen.storyboardc/01J-lp-oVM-view-Ze5-6b-2t3.nib/objects-11.0+.nib
2020-12-10 20:46:12 +0000  copying file ./LaunchScreen.storyboardc/01J-lp-oVM-view-Ze5-6b-2t3.nib/runtime.nib ... 
2020-12-10 20:46:12 +0000  4351 bytes for ./LaunchScreen.storyboardc/01J-lp-oVM-view-Ze5-6b-2t3.nib/runtime.nib
2020-12-10 20:46:12 +0000  copying file ./LaunchScreen.storyboardc/UIViewController-01J-lp-oVM.nib/objects-11.0+.nib ... 
2020-12-10 20:46:12 +0000  896 bytes for ./LaunchScreen.storyboardc/UIViewController-01J-lp-oVM.nib/objects-11.0+.nib
2020-12-10 20:46:12 +0000  copying file ./LaunchScreen.storyboardc/UIViewController-01J-lp-oVM.nib/runtime.nib ... 
2020-12-10 20:46:12 +0000  896 bytes for ./LaunchScreen.storyboardc/UIViewController-01J-lp-oVM.nib/runtime.nib
2020-12-10 20:46:12 +0000  copying file ./LaunchScreen.storyboardc/Info.plist ... 
2020-12-10 20:46:12 +0000  258 bytes for ./LaunchScreen.storyboardc/Info.plist
2020-12-10 20:46:12 +0000  copying file ./Frameworks/libswiftCore.dylib ... 
2020-12-10 20:46:12 +0000  95497584 bytes for ./Frameworks/libswiftCore.dylib
2020-12-10 20:46:12 +0000  copying file ./embedded.mobileprovision ... 
7465 bytes for ./embedded.mobileprovision
copying file ./assets/app.json ... 
2020-12-10 20:46:12 +0000  60 bytes for ./assets/app.json
2020-12-10 20:46:12 +0000  copying file ./assets/src/assets/day.png ... 
2020-12-10 20:46:12 +0000  12079 bytes for ./assets/src/assets/day.png
copying file ./assets/src/assets/nl.png ... 
2020-12-10 20:46:12 +0000  21712 bytes for ./assets/src/assets/nl.png
2020-12-10 20:46:12 +0000  copying file ./assets/src/assets/winddir.png ... 
2020-12-10 20:46:12 +0000  30184 bytes for ./assets/src/assets/winddir.png
2020-12-10 20:46:12 +0000  copying file ./assets/src/assets/night.png ... 
2020-12-10 20:46:12 +0000  13682 bytes for ./assets/src/assets/night.png
2020-12-10 20:46:12 +0000  copying file ./Info.plist ... 
2020-12-10 20:46:12 +0000  1436 bytes for ./Info.plist
copying file ./PkgInfo ... 
2020-12-10 20:46:12 +0000  8 bytes for ./PkgInfo
2020-12-10 20:46:12 +0000  /usr/bin/ditto exited with 0
2020-12-10 20:46:12 +0000  Processing step: IDEDistributionEmbedProfileStep
2020-12-10 20:46:12 +0000  Skipping profile for item: <IDEDistributionItem: 0x7fe642cff280; bundleID='com.apple.dt.runtime.swiftCore', path='<DVTFilePath:0x7fe6422e89f0:'/Users/koenvanginkel/Library/Developer/Xcode/Archives/2020-12-10/CyclingCode 10-12-2020, 21.26.06.xcarchive/Products/Applications/Cycling Code.app/Frameworks/libswiftCore.dylib'>', codeSigningInfo='<_DVTCodeSigningInformation_Path: 0x7fe60d1c9590; isSigned='1', isAdHocSigned='0', signingCertificate='<DVTSigningCertificate: 0x7fe61795cfb0; name='Apple Development: koen@fixjeiphone.nl (JJ6AV7PB84)', hash='35ED771631D5A096F9F0C7A79B2B3038FDFFCACF', serialNumber='FEFDFF867D1B48B', certificateKinds='(
    "1.2.840.113635.100.6.1.12",
    "1.2.840.113635.100.6.1.2"
), issueDate='2020-06-21 14:53:21 +0000''>', entitlements='(null)', teamID='8LHATU4WP9', identifier='com.apple.dt.runtime.swiftCore', executablePath='<DVTFilePath:0x7fe6422e89f0:'/Users/koenvanginkel/Library/Developer/Xcode/Archives/2020-12-10/CyclingCode 10-12-2020, 21.26.06.xcarchive/Products/Applications/Cycling Code.app/Frameworks/libswiftCore.dylib'>', hardenedRuntime='0'>'>
2020-12-10 20:46:12 +0000  Processing step: IDEDistributionInfoPlistStep
2020-12-10 20:46:12 +0000  Skipping step: IDEDistributionInfoPlistStep because it said so
2020-12-10 20:46:12 +0000  Skipping step: IDEDistributionInfoPlistStep because it said so
2020-12-10 20:46:12 +0000  Processing step: IDEDistributionItemRemovalStep
2020-12-10 20:46:12 +0000  Processing step: IDEDistributionAppThinningPlistStep
2020-12-10 20:46:12 +0000  Skipping step: IDEDistributionAppThinningPlistStep because it said so
2020-12-10 20:46:12 +0000  Processing step: IDEDistributionCompileBitcodeStep
2020-12-10 20:46:12 +0000  Skipping step: IDEDistributionCompileBitcodeStep because it said so
2020-12-10 20:46:12 +0000  Processing step: IDEDistributionCodeSlimmingStep
2020-12-10 20:46:12 +0000  Processing step: IDEDistributionCopyBCSymbolMapsStep
2020-12-10 20:46:12 +0000  Running /usr/bin/ditto '-V' '/Users/koenvanginkel/Library/Developer/Xcode/Archives/2020-12-10/CyclingCode 10-12-2020, 21.26.06.xcarchive/BCSymbolMaps/9AAEAC8B-94B2-3A4E-B15A-B34B48B7DC18.bcsymbolmap' '/var/folders/hv/5nvw8mv51vd5y19_pc5_nbbm0000gn/T/XcodeDistPipeline.~~~PEN3lS/Root/BCSymbolMaps/9AAEAC8B-94B2-3A4E-B15A-B34B48B7DC18.bcsymbolmap'
2020-12-10 20:46:12 +0000  >>> Copying /Users/koenvanginkel/Library/Developer/Xcode/Archives/2020-12-10/CyclingCode 10-12-2020, 21.26.06.xcarchive/BCSymbolMaps/9AAEAC8B-94B2-3A4E-B15A-B34B48B7DC18.bcsymbolmap 
2020-12-10 20:46:12 +0000  copying file ./9AAEAC8B-94B2-3A4E-B15A-B34B48B7DC18.bcsymbolmap ... 
2020-12-10 20:46:12 +0000  1609252 bytes for ./9AAEAC8B-94B2-3A4E-B15A-B34B48B7DC18.bcsymbolmap
2020-12-10 20:46:12 +0000  /usr/bin/ditto exited with 0
2020-12-10 20:46:12 +0000  Running /usr/bin/ditto '-V' '/Users/koenvanginkel/Library/Developer/Xcode/Archives/2020-12-10/CyclingCode 10-12-2020, 21.26.06.xcarchive/BCSymbolMaps/BEBD7A0B-5956-3B40-B456-F5FA7AA2BE52.bcsymbolmap' '/var/folders/hv/5nvw8mv51vd5y19_pc5_nbbm0000gn/T/XcodeDistPipeline.~~~PEN3lS/Root/BCSymbolMaps/BEBD7A0B-5956-3B40-B456-F5FA7AA2BE52.bcsymbolmap'
2020-12-10 20:46:12 +0000  >>> Copying /Users/koenvanginkel/Library/Developer/Xcode/Archives/2020-12-10/CyclingCode 10-12-2020, 21.26.06.xcarchive/BCSymbolMaps/BEBD7A0B-5956-3B40-B456-F5FA7AA2BE52.bcsymbolmap 
2020-12-10 20:46:12 +0000  copying file ./BEBD7A0B-5956-3B40-B456-F5FA7AA2BE52.bcsymbolmap ... 
2020-12-10 20:46:12 +0000  1652092 bytes for ./BEBD7A0B-5956-3B40-B456-F5FA7AA2BE52.bcsymbolmap
2020-12-10 20:46:12 +0000  /usr/bin/ditto exited with 0
2020-12-10 20:46:12 +0000  Processing step: IDEDistributionSymbolsStep
2020-12-10 20:46:13 +0000  Excluding symbols for libswiftCore.dylib
2020-12-10 20:46:13 +0000  Excluding symbols for Cycling Code.app
2020-12-10 20:46:13 +0000  Processing step: IDEDistributionCopyAppleProvidedContentStep
2020-12-10 20:46:13 +0000  Running /usr/bin/ditto '-V' '/Users/koenvanginkel/Library/Developer/Xcode/Archives/2020-12-10/CyclingCode 10-12-2020, 21.26.06.xcarchive/SwiftSupport' '/var/folders/hv/5nvw8mv51vd5y19_pc5_nbbm0000gn/T/XcodeDistPipeline.~~~PEN3lS/Root/SwiftSupport'
2020-12-10 20:46:13 +0000  >>> Copying /Users/koenvanginkel/Library/Developer/Xcode/Archives/2020-12-10/CyclingCode 10-12-2020, 21.26.06.xcarchive/SwiftSupport 
2020-12-10 20:46:13 +0000  copying file ./iphoneos/libswiftCore.dylib ... 
2020-12-10 20:46:13 +0000  140528488 bytes for ./iphoneos/libswiftCore.dylib
2020-12-10 20:46:13 +0000  /usr/bin/ditto exited with 0
2020-12-10 20:46:13 +0000  Processing step: IDEDistributionAppThinningStep
2020-12-10 20:46:13 +0000  Skipping step: IDEDistributionAppThinningStep because it said so
2020-12-10 20:46:13 +0000  Processing step: IDEDistributionArchThinningStep
2020-12-10 20:46:13 +0000  Running /Applications/Xcode.app/Contents/Developer/Toolchains/XcodeDefault.xctoolchain/usr/bin/lipo '/var/folders/hv/5nvw8mv51vd5y19_pc5_nbbm0000gn/T/XcodeDistPipeline.~~~PEN3lS/Root/Payload/Cycling Code.app/Frameworks/libswiftCore.dylib' '-verify_arch' 'arm64e'
2020-12-10 20:46:13 +0000  /Applications/Xcode.app/Contents/Developer/Toolchains/XcodeDefault.xctoolchain/usr/bin/lipo exited with 0
2020-12-10 20:46:13 +0000  Running /Applications/Xcode.app/Contents/Developer/Toolchains/XcodeDefault.xctoolchain/usr/bin/lipo '/var/folders/hv/5nvw8mv51vd5y19_pc5_nbbm0000gn/T/XcodeDistPipeline.~~~PEN3lS/Root/Payload/Cycling Code.app/Frameworks/libswiftCore.dylib' '-remove' 'arm64e' '-output' '/var/folders/hv/5nvw8mv51vd5y19_pc5_nbbm0000gn/T/XcodeDistPipeline.~~~PEN3lS/Root/Payload/Cycling Code.app/Frameworks/libswiftCore.dylib'
2020-12-10 20:46:13 +0000  /Applications/Xcode.app/Contents/Developer/Toolchains/XcodeDefault.xctoolchain/usr/bin/lipo exited with 0
2020-12-10 20:46:13 +0000  Successfully thinned item "libswiftCore.dylib", arch "arm64e"
2020-12-10 20:46:13 +0000  Running /Applications/Xcode.app/Contents/Developer/Toolchains/XcodeDefault.xctoolchain/usr/bin/lipo '/var/folders/hv/5nvw8mv51vd5y19_pc5_nbbm0000gn/T/XcodeDistPipeline.~~~PEN3lS/Root/Payload/Cycling Code.app/Cycling Code' '-verify_arch' 'arm64e'
2020-12-10 20:46:13 +0000  /Applications/Xcode.app/Contents/Developer/Toolchains/XcodeDefault.xctoolchain/usr/bin/lipo exited with 1
2020-12-10 20:46:13 +0000  Skipping architecture thinning for item "Cycling Code" because arch "arm64e" wasn't found
2020-12-10 20:46:13 +0000  Processing step: IDEDistributionODRStep
2020-12-10 20:46:13 +0000  Processing step: IDEDistributionStripXattrsStep
2020-12-10 20:46:13 +0000  Skipping stripping extended attributes of item: <IDEDistributionItem: 0x7fe642cff280; bundleID='com.apple.dt.runtime.swiftCore', path='<DVTFilePath:0x7fe6422e89f0:'/Users/koenvanginkel/Library/Developer/Xcode/Archives/2020-12-10/CyclingCode 10-12-2020, 21.26.06.xcarchive/Products/Applications/Cycling Code.app/Frameworks/libswiftCore.dylib'>', codeSigningInfo='<_DVTCodeSigningInformation_Path: 0x7fe60d1c9590; isSigned='1', isAdHocSigned='0', signingCertificate='<DVTSigningCertificate: 0x7fe6122d3c90; name='Apple Development: koen@fixjeiphone.nl (JJ6AV7PB84)', hash='35ED771631D5A096F9F0C7A79B2B3038FDFFCACF', serialNumber='FEFDFF867D1B48B', certificateKinds='(
    "1.2.840.113635.100.6.1.12",
    "1.2.840.113635.100.6.1.2"
), issueDate='2020-06-21 14:53:21 +0000''>', entitlements='(null)', teamID='8LHATU4WP9', identifier='com.apple.dt.runtime.swiftCore', executablePath='<DVTFilePath:0x7fe6422e89f0:'/Users/koenvanginkel/Library/Developer/Xcode/Archives/2020-12-10/CyclingCode 10-12-2020, 21.26.06.xcarchive/Products/Applications/Cycling Code.app/Frameworks/libswiftCore.dylib'>', hardenedRuntime='0'>'>
2020-12-10 20:46:13 +0000  Running /usr/bin/xattr '-crs' '/var/folders/hv/5nvw8mv51vd5y19_pc5_nbbm0000gn/T/XcodeDistPipeline.~~~PEN3lS/Root/Payload/Cycling Code.app'
2020-12-10 20:46:13 +0000  /usr/bin/xattr exited with 0
2020-12-10 20:46:13 +0000  Processing step: IDEDistributionCodesignStep
2020-12-10 20:46:13 +0000  Entitlements for <IDEDistributionItem: 0x7fe642cff280; bundleID='com.apple.dt.runtime.swiftCore', path='<DVTFilePath:0x7fe6422e89f0:'/Users/koenvanginkel/Library/Developer/Xcode/Archives/2020-12-10/CyclingCode 10-12-2020, 21.26.06.xcarchive/Products/Applications/Cycling Code.app/Frameworks/libswiftCore.dylib'>', codeSigningInfo='<_DVTCodeSigningInformation_Path: 0x7fe60d1c9590; isSigned='1', isAdHocSigned='0', signingCertificate='<DVTSigningCertificate: 0x7fe628f97ba0; name='Apple Development: koen@fixjeiphone.nl (JJ6AV7PB84)', hash='35ED771631D5A096F9F0C7A79B2B3038FDFFCACF', serialNumber='FEFDFF867D1B48B', certificateKinds='(
    "1.2.840.113635.100.6.1.12",
    "1.2.840.113635.100.6.1.2"
), issueDate='2020-06-21 14:53:21 +0000''>', entitlements='(null)', teamID='8LHATU4WP9', identifier='com.apple.dt.runtime.swiftCore', executablePath='<DVTFilePath:0x7fe6422e89f0:'/Users/koenvanginkel/Library/Developer/Xcode/Archives/2020-12-10/CyclingCode 10-12-2020, 21.26.06.xcarchive/Products/Applications/Cycling Code.app/Frameworks/libswiftCore.dylib'>', hardenedRuntime='0'>'>: {
}
2020-12-10 20:46:13 +0000  Writing entitlements for <IDEDistributionItem: 0x7fe642cff280; bundleID='com.apple.dt.runtime.swiftCore', path='<DVTFilePath:0x7fe6422e89f0:'/Users/koenvanginkel/Library/Developer/Xcode/Archives/2020-12-10/CyclingCode 10-12-2020, 21.26.06.xcarchive/Products/Applications/Cycling Code.app/Frameworks/libswiftCore.dylib'>', codeSigningInfo='<_DVTCodeSigningInformation_Path: 0x7fe60d1c9590; isSigned='1', isAdHocSigned='0', signingCertificate='<DVTSigningCertificate: 0x7fe62851f070; name='Apple Development: koen@fixjeiphone.nl (JJ6AV7PB84)', hash='35ED771631D5A096F9F0C7A79B2B3038FDFFCACF', serialNumber='FEFDFF867D1B48B', certificateKinds='(
    "1.2.840.113635.100.6.1.12",
    "1.2.840.113635.100.6.1.2"
), issueDate='2020-06-21 14:53:21 +0000''>', entitlements='(null)', teamID='8LHATU4WP9', identifier='com.apple.dt.runtime.swiftCore', executablePath='<DVTFilePath:0x7fe6422e89f0:'/Users/koenvanginkel/Library/Developer/Xcode/Archives/2020-12-10/CyclingCode 10-12-2020, 21.26.06.xcarchive/Products/Applications/Cycling Code.app/Frameworks/libswiftCore.dylib'>', hardenedRuntime='0'>'> to: /var/folders/hv/5nvw8mv51vd5y19_pc5_nbbm0000gn/T/XcodeDistPipeline.~~~PEN3lS/entitlements~~~XyKaZX
2020-12-10 20:46:13 +0000  Running /usr/bin/codesign '-vvv' '--force' '--sign' 'D2D4319DFF7938E36200D10D52F7A673DE8F348C' '--entitlements' '/var/folders/hv/5nvw8mv51vd5y19_pc5_nbbm0000gn/T/XcodeDistPipeline.~~~PEN3lS/entitlements~~~XyKaZX' '--preserve-metadata=identifier,flags,runtime' '/var/folders/hv/5nvw8mv51vd5y19_pc5_nbbm0000gn/T/XcodeDistPipeline.~~~PEN3lS/Root/Payload/Cycling Code.app/Frameworks/libswiftCore.dylib'
2020-12-10 20:46:13 +0000  /var/folders/hv/5nvw8mv51vd5y19_pc5_nbbm0000gn/T/XcodeDistPipeline.~~~PEN3lS/Root/Payload/Cycling Code.app/Frameworks/libswiftCore.dylib: replacing existing signature
2020-12-10 20:46:14 +0000  /var/folders/hv/5nvw8mv51vd5y19_pc5_nbbm0000gn/T/XcodeDistPipeline.~~~PEN3lS/Root/Payload/Cycling Code.app/Frameworks/libswiftCore.dylib: signed Mach-O universal (armv7 armv7s arm64) [com.apple.dt.runtime.swiftCore]
2020-12-10 20:46:14 +0000  /usr/bin/codesign exited with 0
2020-12-10 20:46:14 +0000  Entitlements for <IDEDistributionItem: 0x7fe62f59ca00; bundleID='nl.appicsoftware.cyclingcode', path='<DVTFilePath:0x7fe5fb9b3d50:'/Users/koenvanginkel/Library/Developer/Xcode/Archives/2020-12-10/CyclingCode 10-12-2020, 21.26.06.xcarchive/Products/Applications/Cycling Code.app'>', codeSigningInfo='<_DVTCodeSigningInformation_Path: 0x7fe632ad3240; isSigned='1', isAdHocSigned='0', signingCertificate='<DVTSigningCertificate: 0x7fe67558b360; name='Apple Development: koen@fixjeiphone.nl (JJ6AV7PB84)', hash='35ED771631D5A096F9F0C7A79B2B3038FDFFCACF', serialNumber='FEFDFF867D1B48B', certificateKinds='(
    "1.2.840.113635.100.6.1.12",
    "1.2.840.113635.100.6.1.2"
), issueDate='2020-06-21 14:53:21 +0000''>', entitlements='{
    "application-identifier" = "8LHATU4WP9.nl.appicsoftware.cyclingcode";
    "com.apple.developer.team-identifier" = 8LHATU4WP9;
    "get-task-allow" = 1;
    "keychain-access-groups" =     (
        "8LHATU4WP9.nl.appicsoftware.cyclingcode"
    );
}', teamID='8LHATU4WP9', identifier='nl.appicsoftware.cyclingcode', executablePath='<DVTFilePath:0x7fe62cf94720:'/Users/koenvanginkel/Library/Developer/Xcode/Archives/2020-12-10/CyclingCode 10-12-2020, 21.26.06.xcarchive/Products/Applications/Cycling Code.app/Cycling Code'>', hardenedRuntime='0'>'>: {
    "application-identifier" = "8LHATU4WP9.nl.appicsoftware.cyclingcode";
    "beta-reports-active" = 1;
    "com.apple.developer.team-identifier" = 8LHATU4WP9;
    "get-task-allow" = 0;
    "keychain-access-groups" =     (
        "8LHATU4WP9.nl.appicsoftware.cyclingcode"
    );
}
2020-12-10 20:46:14 +0000  Writing entitlements for <IDEDistributionItem: 0x7fe62f59ca00; bundleID='nl.appicsoftware.cyclingcode', path='<DVTFilePath:0x7fe5fb9b3d50:'/Users/koenvanginkel/Library/Developer/Xcode/Archives/2020-12-10/CyclingCode 10-12-2020, 21.26.06.xcarchive/Products/Applications/Cycling Code.app'>', codeSigningInfo='<_DVTCodeSigningInformation_Path: 0x7fe632ad3240; isSigned='1', isAdHocSigned='0', signingCertificate='<DVTSigningCertificate: 0x7fe631417e10; name='Apple Development: koen@fixjeiphone.nl (JJ6AV7PB84)', hash='35ED771631D5A096F9F0C7A79B2B3038FDFFCACF', serialNumber='FEFDFF867D1B48B', certificateKinds='(
    "1.2.840.113635.100.6.1.12",
    "1.2.840.113635.100.6.1.2"
), issueDate='2020-06-21 14:53:21 +0000''>', entitlements='{
    "application-identifier" = "8LHATU4WP9.nl.appicsoftware.cyclingcode";
    "com.apple.developer.team-identifier" = 8LHATU4WP9;
    "get-task-allow" = 1;
    "keychain-access-groups" =     (
        "8LHATU4WP9.nl.appicsoftware.cyclingcode"
    );
}', teamID='8LHATU4WP9', identifier='nl.appicsoftware.cyclingcode', executablePath='<DVTFilePath:0x7fe62cf94720:'/Users/koenvanginkel/Library/Developer/Xcode/Archives/2020-12-10/CyclingCode 10-12-2020, 21.26.06.xcarchive/Products/Applications/Cycling Code.app/Cycling Code'>', hardenedRuntime='0'>'> to: /var/folders/hv/5nvw8mv51vd5y19_pc5_nbbm0000gn/T/XcodeDistPipeline.~~~PEN3lS/entitlements~~~NF9lxS
2020-12-10 20:46:14 +0000  Running /usr/bin/codesign '-vvv' '--force' '--sign' 'D2D4319DFF7938E36200D10D52F7A673DE8F348C' '--entitlements' '/var/folders/hv/5nvw8mv51vd5y19_pc5_nbbm0000gn/T/XcodeDistPipeline.~~~PEN3lS/entitlements~~~NF9lxS' '--preserve-metadata=identifier,flags,runtime' '/var/folders/hv/5nvw8mv51vd5y19_pc5_nbbm0000gn/T/XcodeDistPipeline.~~~PEN3lS/Root/Payload/Cycling Code.app'
2020-12-10 20:46:15 +0000  /var/folders/hv/5nvw8mv51vd5y19_pc5_nbbm0000gn/T/XcodeDistPipeline.~~~PEN3lS/Root/Payload/Cycling Code.app: signed app bundle with Mach-O universal (armv7 arm64) [nl.appicsoftware.cyclingcode]
2020-12-10 20:46:15 +0000  /usr/bin/codesign exited with 0
2020-12-10 20:46:15 +0000  Processing step: IDEDistributionZipODRItemStep
2020-12-10 20:46:15 +0000  Skipping step: IDEDistributionZipODRItemStep because it said so
2020-12-10 20:46:15 +0000  Skipping step: IDEDistributionZipODRItemStep because it said so
2020-12-10 20:46:15 +0000  Processing step: IDEDistributionCreateIPAStep
2020-12-10 20:46:15 +0000  Running /usr/bin/ditto '-V' '-c' '-k' '--norsrc' '/var/folders/hv/5nvw8mv51vd5y19_pc5_nbbm0000gn/T/XcodeDistPipeline.~~~PEN3lS/Root' '/var/folders/hv/5nvw8mv51vd5y19_pc5_nbbm0000gn/T/XcodeDistPipeline.~~~PEN3lS/Packages/CyclingCode.ipa'
2020-12-10 20:46:15 +0000  >>> Copying /var/folders/hv/5nvw8mv51vd5y19_pc5_nbbm0000gn/T/XcodeDistPipeline.~~~PEN3lS/Root 
2020-12-10 20:46:15 +0000  copying file ./BCSymbolMaps/9AAEAC8B-94B2-3A4E-B15A-B34B48B7DC18.bcsymbolmap ... 
2020-12-10 20:46:15 +0000  1609252 bytes for ./BCSymbolMaps/9AAEAC8B-94B2-3A4E-B15A-B34B48B7DC18.bcsymbolmap
copying file ./BCSymbolMaps/BEBD7A0B-5956-3B40-B456-F5FA7AA2BE52.bcsymbolmap ... 
2020-12-10 20:46:15 +0000  1652092 bytes for ./BCSymbolMaps/BEBD7A0B-5956-3B40-B456-F5FA7AA2BE52.bcsymbolmap
2020-12-10 20:46:15 +0000  copying file ./Payload/Cycling Code.app/_CodeSignature/CodeResources ... 
2020-12-10 20:46:15 +0000  10264 bytes for ./Payload/Cycling Code.app/_CodeSignature/CodeResources
copying file ./Payload/Cycling Code.app/AppIcon20x20@2x.png ... 
3727 bytes for ./Payload/Cycling Code.app/AppIcon20x20@2x.png
copying file ./Payload/Cycling Code.app/gillsans.otf ... 
2020-12-10 20:46:15 +0000  149908 bytes for ./Payload/Cycling Code.app/gillsans.otf
copying file ./Payload/Cycling Code.app/Cycling Code ... 
2020-12-10 20:46:16 +0000  30527136 bytes for ./Payload/Cycling Code.app/Cycling Code
copying file ./Payload/Cycling Code.app/AppIcon20x20@3x.png ... 
2020-12-10 20:46:16 +0000  6502 bytes for ./Payload/Cycling Code.app/AppIcon20x20@3x.png
copying file ./Payload/Cycling Code.app/AppIcon60x60@2x.png ... 
3911 bytes for ./Payload/Cycling Code.app/AppIcon60x60@2x.png
copying file ./Payload/Cycling Code.app/AppIcon29x29@2x.png ... 
6178 bytes for ./Payload/Cycling Code.app/AppIcon29x29@2x.png
copying file ./Payload/Cycling Code.app/AppIcon40x40@3x.png ... 
15262 bytes for ./Payload/Cycling Code.app/AppIcon40x40@3x.png
copying file ./Payload/Cycling Code.app/AppIcon40x40@2x.png ... 
9300 bytes for ./Payload/Cycling Code.app/AppIcon40x40@2x.png
copying file ./Payload/Cycling Code.app/AppIcon29x29@3x.png ... 
10412 bytes for ./Payload/Cycling Code.app/AppIcon29x29@3x.png
copying file ./Payload/Cycling Code.app/AccessibilityResources.bundle/en.lproj/Localizable.strings ... 
530 bytes for ./Payload/Cycling Code.app/AccessibilityResources.bundle/en.lproj/Localizable.strings
copying file ./Payload/Cycling Code.app/AccessibilityResources.bundle/Info.plist ... 
744 bytes for ./Payload/Cycling Code.app/AccessibilityResources.bundle/Info.plist
copying file ./Payload/Cycling Code.app/AppIcon60x60@3x.png ... 
5189 bytes for ./Payload/Cycling Code.app/AppIcon60x60@3x.png
copying file ./Payload/Cycling Code.app/Assets.car ... 
134264 bytes for ./Payload/Cycling Code.app/Assets.car
copying file ./Payload/Cycling Code.app/futura.otf ... 
23672 bytes for ./Payload/Cycling Code.app/futura.otf
copying file ./Payload/Cycling Code.app/main.jsbundle ... 
2020-12-10 20:46:16 +0000  685520 bytes for ./Payload/Cycling Code.app/main.jsbundle
2020-12-10 20:46:16 +0000  copying file ./Payload/Cycling Code.app/LaunchScreen.storyboardc/01J-lp-oVM-view-Ze5-6b-2t3.nib/objects-11.0+.nib ... 
4234 bytes for ./Payload/Cycling Code.app/LaunchScreen.storyboardc/01J-lp-oVM-view-Ze5-6b-2t3.nib/objects-11.0+.nib
copying file ./Payload/Cycling Code.app/LaunchScreen.storyboardc/01J-lp-oVM-view-Ze5-6b-2t3.nib/runtime.nib ... 
2020-12-10 20:46:16 +0000  4351 bytes for ./Payload/Cycling Code.app/LaunchScreen.storyboardc/01J-lp-oVM-view-Ze5-6b-2t3.nib/runtime.nib
2020-12-10 20:46:16 +0000  copying file ./Payload/Cycling Code.app/LaunchScreen.storyboardc/UIViewController-01J-lp-oVM.nib/objects-11.0+.nib ... 
896 bytes for ./Payload/Cycling Code.app/LaunchScreen.storyboardc/UIViewController-01J-lp-oVM.nib/objects-11.0+.nib
copying file ./Payload/Cycling Code.app/LaunchScreen.storyboardc/UIViewController-01J-lp-oVM.nib/runtime.nib ... 
896 bytes for ./Payload/Cycling Code.app/LaunchScreen.storyboardc/UIViewController-01J-lp-oVM.nib/runtime.nib
2020-12-10 20:46:16 +0000  copying file ./Payload/Cycling Code.app/LaunchScreen.storyboardc/Info.plist ... 
258 bytes for ./Payload/Cycling Code.app/LaunchScreen.storyboardc/Info.plist
copying file ./Payload/Cycling Code.app/Frameworks/libswiftCore.dylib ... 
2020-12-10 20:46:18 +0000  69852784 bytes for ./Payload/Cycling Code.app/Frameworks/libswiftCore.dylib
copying file ./Payload/Cycling Code.app/embedded.mobileprovision ... 
2020-12-10 20:46:18 +0000  7360 bytes for ./Payload/Cycling Code.app/embedded.mobileprovision
copying file ./Payload/Cycling Code.app/assets/app.json ... 
60 bytes for ./Payload/Cycling Code.app/assets/app.json
copying file ./Payload/Cycling Code.app/assets/src/assets/day.png ... 
12079 bytes for ./Payload/Cycling Code.app/assets/src/assets/day.png
copying file ./Payload/Cycling Code.app/assets/src/assets/nl.png ... 
21712 bytes for ./Payload/Cycling Code.app/assets/src/assets/nl.png
copying file ./Payload/Cycling Code.app/assets/src/assets/winddir.png ... 
30184 bytes for ./Payload/Cycling Code.app/assets/src/assets/winddir.png
copying file ./Payload/Cycling Code.app/assets/src/assets/night.png ... 
13682 bytes for ./Payload/Cycling Code.app/assets/src/assets/night.png
copying file ./Payload/Cycling Code.app/Info.plist ... 
1436 bytes for ./Payload/Cycling Code.app/Info.plist
copying file ./Payload/Cycling Code.app/PkgInfo ... 
8 bytes for ./Payload/Cycling Code.app/PkgInfo
copying file ./SwiftSupport/iphoneos/libswiftCore.dylib ... 
2020-12-10 20:46:22 +0000  95497472 bytes for ./SwiftSupport/iphoneos/libswiftCore.dylib
2020-12-10 20:46:22 +0000  /usr/bin/ditto exited with 0
2020-12-10 20:46:22 +0000  Processing step: IDEDistributionAppStoreInformationStep
2020-12-10 20:46:22 +0000  Skipping step: IDEDistributionAppStoreInformationStep because it said so
2020-12-10 20:46:22 +0000  Processing step: IDEDistributionGenerateProcessedDistributionItems
2020-12-10 20:46:22 +0000  Processing step: IDEDistributionCreateManifestStep
2020-12-10 20:46:22 +0000  Skipping step: IDEDistributionCreateManifestStep because it said so
