2020-12-10 17:58:33 +0000  Initial pipeline context: <IDEDistributionProcessingPipelineContext: 0x7fe611c4f1f0; archive(resolved)='<IDEArchive: 0x7fe613966c10>', distributionTask(resolved)='2', distributionDestination(resolved)='1', distributionMethod(resolved)='<IDEDistributionMethodiOSAppStoreDistribution: 0x7fe6766add60>', team(resolved)='<IDEProvisioningDisambiguatableBasicTeam: 0x7fe6786edb60; teamID='8LHATU4WP9', teamName='Ricardo Groothedde', teamType='Individual', username='koen@fixjeiphone.nl', isFreeProvisioningTeam='0'>'>
	Chain (12, self inclusive):
	<IDEDistributionProcessingPipelineContext: 0x7fe611c4f1f0; archive = '<IDEArchive: 0x7fe613966c10>', distributionMethod='<IDEDistributionMethodiOSAppStoreDistribution: 0x7fe6766add60>', team='<IDEProvisioningDisambiguatableBasicTeam: 0x7fe6786edb60; teamID='8LHATU4WP9', teamName='Ricardo Groothedde', teamType='Individual', username='koen@fixjeiphone.nl', isFreeProvisioningTeam='0'>'>
	<IDEDistributionProcessingPipelineContext: 0x7fe65d921e30; archive = '<IDEArchive: 0x7fe613966c10>', distributionMethod='<IDEDistributionMethodiOSAppStoreDistribution: 0x7fe6766add60>', team='<IDEProvisioningDisambiguatableBasicTeam: 0x7fe6786edb60; teamID='8LHATU4WP9', teamName='Ricardo Groothedde', teamType='Individual', username='koen@fixjeiphone.nl', isFreeProvisioningTeam='0'>'>
	<IDEDistributionContext: 0x7fe60e095fd0; archive = '<IDEArchive: 0x7fe613966c10>', distributionMethod='<IDEDistributionMethodiOSAppStoreDistribution: 0x7fe6766add60>', team='<IDEProvisioningDisambiguatableBasicTeam: 0x7fe6786edb60; teamID='8LHATU4WP9', teamName='Ricardo Groothedde', teamType='Individual', username='koen@fixjeiphone.nl', isFreeProvisioningTeam='0'>'>
	<IDEDistributionContext: 0x7fe612072c90; archive = '<IDEArchive: 0x7fe613966c10>', distributionMethod='<IDEDistributionMethodiOSAppStoreDistribution: 0x7fe6766add60>', team='<IDEProvisioningDisambiguatableBasicTeam: 0x7fe6786edb60; teamID='8LHATU4WP9', teamName='Ricardo Groothedde', teamType='Individual', username='koen@fixjeiphone.nl', isFreeProvisioningTeam='0'>'>
	<IDEDistributionContext: 0x7fe6135762f0; archive = '<IDEArchive: 0x7fe613966c10>', distributionMethod='<IDEDistributionMethodiOSAppStoreDistribution: 0x7fe6766add60>', team='<IDEProvisioningDisambiguatableBasicTeam: 0x7fe6786edb60; teamID='8LHATU4WP9', teamName='Ricardo Groothedde', teamType='Individual', username='koen@fixjeiphone.nl', isFreeProvisioningTeam='0'>'>
	<IDEDistributionContext: 0x7fe6120956f0; archive = '<IDEArchive: 0x7fe613966c10>', distributionMethod='<IDEDistributionMethodiOSAppStoreDistribution: 0x7fe6766add60>', team='<IDEProvisioningDisambiguatableBasicTeam: 0x7fe6786edb60; teamID='8LHATU4WP9', teamName='Ricardo Groothedde', teamType='Individual', username='koen@fixjeiphone.nl', isFreeProvisioningTeam='0'>'>
	<IDEDistributionContext: 0x7fe612611d70; archive = '<IDEArchive: 0x7fe613966c10>', distributionMethod='<IDEDistributionMethodiOSAppStoreDistribution: 0x7fe6766add60>', team='<IDEProvisioningDisambiguatableBasicTeam: 0x7fe6786edb60; teamID='8LHATU4WP9', teamName='Ricardo Groothedde', teamType='Individual', username='koen@fixjeiphone.nl', isFreeProvisioningTeam='0'>'>
	<IDEDistributionContext: 0x7fe675407e90; archive = '<IDEArchive: 0x7fe613966c10>', distributionMethod='<IDEDistributionMethodiOSAppStoreDistribution: 0x7fe6766add60>', team='<IDEProvisioningDisambiguatableBasicTeam: 0x7fe6786edb60; teamID='8LHATU4WP9', teamName='Ricardo Groothedde', teamType='Individual', username='koen@fixjeiphone.nl', isFreeProvisioningTeam='0'>'>
	<IDEDistributionContext: 0x7fe62da62e90; archive = '<IDEArchive: 0x7fe613966c10>', distributionMethod='<IDEDistributionMethodiOSAppStoreDistribution: 0x7fe6766add60>', team='<IDEProvisioningDisambiguatableBasicTeam: 0x7fe6786edb60; teamID='8LHATU4WP9', teamName='Ricardo Groothedde', teamType='Individual', username='koen@fixjeiphone.nl', isFreeProvisioningTeam='0'>'>
	<IDEDistributionContext: 0x7fe61206b6e0; archive = '<IDEArchive: 0x7fe613966c10>', distributionMethod='<IDEDistributionMethodiOSAppStoreDistribution: 0x7fe6766add60>', team='(null)'>
	<IDEDistributionContext: 0x7fe60fff9210; archive = '<IDEArchive: 0x7fe613966c10>', distributionMethod='<IDEDistributionMethodiOSAppStoreDistribution: 0x7fe6766add60>', team='(null)'>
	<IDEDistributionContext: 0x7fe611c160e0; archive = '<IDEArchive: 0x7fe613966c10>', distributionMethod='(null)', team='(null)'>
</IDEDistributionProcessingPipelineContext: 0x7fe611c4f1f0>
2020-12-10 17:58:33 +0000  Processing step: IDEDistributionCreateDestRootStep
2020-12-10 17:58:33 +0000  Processing step: IDEDistributionCopyItemStep
2020-12-10 17:58:33 +0000  Running /usr/bin/ditto '-V' '/Users/koenvanginkel/Library/Developer/Xcode/Archives/2020-12-10/CyclingCode 10-12-2020, 18.57.42.xcarchive/Products/Applications/Cycling Code.app' '/var/folders/hv/5nvw8mv51vd5y19_pc5_nbbm0000gn/T/XcodeDistPipeline.~~~kTd1nu/Root/Payload/Cycling Code.app'
2020-12-10 17:58:33 +0000  >>> Copying /Users/koenvanginkel/Library/Developer/Xcode/Archives/2020-12-10/CyclingCode 10-12-2020, 18.57.42.xcarchive/Products/Applications/Cycling Code.app 
2020-12-10 17:58:33 +0000  copying file ./_CodeSignature/CodeResources ... 
2020-12-10 17:58:33 +0000  10264 bytes for ./_CodeSignature/CodeResources
2020-12-10 17:58:33 +0000  copying file ./AppIcon20x20@2x.png ... 
2020-12-10 17:58:33 +0000  3727 bytes for ./AppIcon20x20@2x.png
copying file ./gillsans.otf ... 
2020-12-10 17:58:33 +0000  149908 bytes for ./gillsans.otf
2020-12-10 17:58:33 +0000  copying file ./Cycling Code ... 
2020-12-10 17:58:33 +0000  35373216 bytes for ./Cycling Code
2020-12-10 17:58:33 +0000  copying file ./AppIcon20x20@3x.png ... 
2020-12-10 17:58:33 +0000  6502 bytes for ./AppIcon20x20@3x.png
2020-12-10 17:58:33 +0000  copying file ./AppIcon60x60@2x.png ... 
2020-12-10 17:58:33 +0000  15262 bytes for ./AppIcon60x60@2x.png
2020-12-10 17:58:33 +0000  copying file ./AppIcon29x29@2x.png ... 
2020-12-10 17:58:33 +0000  6178 bytes for ./AppIcon29x29@2x.png
2020-12-10 17:58:33 +0000  copying file ./AppIcon40x40@3x.png ... 
2020-12-10 17:58:33 +0000  15262 bytes for ./AppIcon40x40@3x.png
2020-12-10 17:58:33 +0000  copying file ./AppIcon40x40@2x.png ... 
2020-12-10 17:58:33 +0000  9300 bytes for ./AppIcon40x40@2x.png
copying file ./AppIcon29x29@3x.png ... 
2020-12-10 17:58:33 +0000  10412 bytes for ./AppIcon29x29@3x.png
2020-12-10 17:58:33 +0000  copying file ./AccessibilityResources.bundle/en.lproj/Localizable.strings ... 
2020-12-10 17:58:33 +0000  530 bytes for ./AccessibilityResources.bundle/en.lproj/Localizable.strings
2020-12-10 17:58:33 +0000  copying file ./AccessibilityResources.bundle/Info.plist ... 
2020-12-10 17:58:33 +0000  744 bytes for ./AccessibilityResources.bundle/Info.plist
2020-12-10 17:58:33 +0000  copying file ./AppIcon60x60@3x.png ... 
2020-12-10 17:58:33 +0000  23014 bytes for ./AppIcon60x60@3x.png
2020-12-10 17:58:33 +0000  copying file ./Assets.car ... 
2020-12-10 17:58:33 +0000  172056 bytes for ./Assets.car
2020-12-10 17:58:33 +0000  copying file ./futura.otf ... 
2020-12-10 17:58:33 +0000  23672 bytes for ./futura.otf
copying file ./main.jsbundle ... 
2020-12-10 17:58:33 +0000  685256 bytes for ./main.jsbundle
2020-12-10 17:58:33 +0000  copying file ./LaunchScreen.storyboardc/01J-lp-oVM-view-Ze5-6b-2t3.nib/objects-11.0+.nib ... 
2020-12-10 17:58:33 +0000  4225 bytes for ./LaunchScreen.storyboardc/01J-lp-oVM-view-Ze5-6b-2t3.nib/objects-11.0+.nib
2020-12-10 17:58:33 +0000  copying file ./LaunchScreen.storyboardc/01J-lp-oVM-view-Ze5-6b-2t3.nib/runtime.nib ... 
2020-12-10 17:58:33 +0000  4355 bytes for ./LaunchScreen.storyboardc/01J-lp-oVM-view-Ze5-6b-2t3.nib/runtime.nib
2020-12-10 17:58:33 +0000  copying file ./LaunchScreen.storyboardc/UIViewController-01J-lp-oVM.nib/objects-11.0+.nib ... 
2020-12-10 17:58:33 +0000  896 bytes for ./LaunchScreen.storyboardc/UIViewController-01J-lp-oVM.nib/objects-11.0+.nib
copying file ./LaunchScreen.storyboardc/UIViewController-01J-lp-oVM.nib/runtime.nib ... 
2020-12-10 17:58:33 +0000  896 bytes for ./LaunchScreen.storyboardc/UIViewController-01J-lp-oVM.nib/runtime.nib
2020-12-10 17:58:33 +0000  copying file ./LaunchScreen.storyboardc/Info.plist ... 
2020-12-10 17:58:33 +0000  258 bytes for ./LaunchScreen.storyboardc/Info.plist
2020-12-10 17:58:33 +0000  copying file ./Frameworks/libswiftCore.dylib ... 
2020-12-10 17:58:33 +0000  95497584 bytes for ./Frameworks/libswiftCore.dylib
2020-12-10 17:58:33 +0000  copying file ./embedded.mobileprovision ... 
7465 bytes for ./embedded.mobileprovision
copying file ./assets/app.json ... 
2020-12-10 17:58:33 +0000  60 bytes for ./assets/app.json
2020-12-10 17:58:33 +0000  copying file ./assets/src/assets/day.png ... 
2020-12-10 17:58:33 +0000  12079 bytes for ./assets/src/assets/day.png
2020-12-10 17:58:33 +0000  copying file ./assets/src/assets/nl.png ... 
2020-12-10 17:58:33 +0000  21712 bytes for ./assets/src/assets/nl.png
2020-12-10 17:58:33 +0000  copying file ./assets/src/assets/winddir.png ... 
2020-12-10 17:58:33 +0000  30184 bytes for ./assets/src/assets/winddir.png
2020-12-10 17:58:33 +0000  copying file ./assets/src/assets/night.png ... 
2020-12-10 17:58:33 +0000  13682 bytes for ./assets/src/assets/night.png
2020-12-10 17:58:33 +0000  copying file ./Info.plist ... 
2020-12-10 17:58:33 +0000  1436 bytes for ./Info.plist
2020-12-10 17:58:33 +0000  copying file ./PkgInfo ... 
2020-12-10 17:58:33 +0000  8 bytes for ./PkgInfo
2020-12-10 17:58:33 +0000  /usr/bin/ditto exited with 0
2020-12-10 17:58:33 +0000  Processing step: IDEDistributionEmbedProfileStep
2020-12-10 17:58:33 +0000  Skipping profile for item: <IDEDistributionItem: 0x7fe672c631d0; bundleID='com.apple.dt.runtime.swiftCore', path='<DVTFilePath:0x7fe612089480:'/Users/koenvanginkel/Library/Developer/Xcode/Archives/2020-12-10/CyclingCode 10-12-2020, 18.57.42.xcarchive/Products/Applications/Cycling Code.app/Frameworks/libswiftCore.dylib'>', codeSigningInfo='<_DVTCodeSigningInformation_Path: 0x7fe63cfcde50; isSigned='1', isAdHocSigned='0', signingCertificate='<DVTSigningCertificate: 0x7fe60d4598b0; name='Apple Development: koen@fixjeiphone.nl (JJ6AV7PB84)', hash='35ED771631D5A096F9F0C7A79B2B3038FDFFCACF', serialNumber='FEFDFF867D1B48B', certificateKinds='(
    "1.2.840.113635.100.6.1.12",
    "1.2.840.113635.100.6.1.2"
), issueDate='2020-06-21 14:53:21 +0000''>', entitlements='(null)', teamID='8LHATU4WP9', identifier='com.apple.dt.runtime.swiftCore', executablePath='<DVTFilePath:0x7fe612089480:'/Users/koenvanginkel/Library/Developer/Xcode/Archives/2020-12-10/CyclingCode 10-12-2020, 18.57.42.xcarchive/Products/Applications/Cycling Code.app/Frameworks/libswiftCore.dylib'>', hardenedRuntime='0'>'>
2020-12-10 17:58:33 +0000  Processing step: IDEDistributionInfoPlistStep
2020-12-10 17:58:33 +0000  Skipping step: IDEDistributionInfoPlistStep because it said so
2020-12-10 17:58:33 +0000  Skipping step: IDEDistributionInfoPlistStep because it said so
2020-12-10 17:58:33 +0000  Processing step: IDEDistributionItemRemovalStep
2020-12-10 17:58:33 +0000  Processing step: IDEDistributionAppThinningPlistStep
2020-12-10 17:58:33 +0000  Skipping step: IDEDistributionAppThinningPlistStep because it said so
2020-12-10 17:58:33 +0000  Processing step: IDEDistributionCompileBitcodeStep
2020-12-10 17:58:33 +0000  Skipping step: IDEDistributionCompileBitcodeStep because it said so
2020-12-10 17:58:33 +0000  Processing step: IDEDistributionCodeSlimmingStep
2020-12-10 17:58:34 +0000  Processing step: IDEDistributionCopyBCSymbolMapsStep
2020-12-10 17:58:34 +0000  Running /usr/bin/ditto '-V' '/Users/koenvanginkel/Library/Developer/Xcode/Archives/2020-12-10/CyclingCode 10-12-2020, 18.57.42.xcarchive/BCSymbolMaps/9AAEAC8B-94B2-3A4E-B15A-B34B48B7DC18.bcsymbolmap' '/var/folders/hv/5nvw8mv51vd5y19_pc5_nbbm0000gn/T/XcodeDistPipeline.~~~kTd1nu/Root/BCSymbolMaps/9AAEAC8B-94B2-3A4E-B15A-B34B48B7DC18.bcsymbolmap'
2020-12-10 17:58:34 +0000  >>> Copying /Users/koenvanginkel/Library/Developer/Xcode/Archives/2020-12-10/CyclingCode 10-12-2020, 18.57.42.xcarchive/BCSymbolMaps/9AAEAC8B-94B2-3A4E-B15A-B34B48B7DC18.bcsymbolmap 
2020-12-10 17:58:34 +0000  copying file ./9AAEAC8B-94B2-3A4E-B15A-B34B48B7DC18.bcsymbolmap ... 
2020-12-10 17:58:34 +0000  1609252 bytes for ./9AAEAC8B-94B2-3A4E-B15A-B34B48B7DC18.bcsymbolmap
2020-12-10 17:58:34 +0000  /usr/bin/ditto exited with 0
2020-12-10 17:58:34 +0000  Running /usr/bin/ditto '-V' '/Users/koenvanginkel/Library/Developer/Xcode/Archives/2020-12-10/CyclingCode 10-12-2020, 18.57.42.xcarchive/BCSymbolMaps/BEBD7A0B-5956-3B40-B456-F5FA7AA2BE52.bcsymbolmap' '/var/folders/hv/5nvw8mv51vd5y19_pc5_nbbm0000gn/T/XcodeDistPipeline.~~~kTd1nu/Root/BCSymbolMaps/BEBD7A0B-5956-3B40-B456-F5FA7AA2BE52.bcsymbolmap'
2020-12-10 17:58:34 +0000  >>> Copying /Users/koenvanginkel/Library/Developer/Xcode/Archives/2020-12-10/CyclingCode 10-12-2020, 18.57.42.xcarchive/BCSymbolMaps/BEBD7A0B-5956-3B40-B456-F5FA7AA2BE52.bcsymbolmap 
2020-12-10 17:58:34 +0000  copying file ./BEBD7A0B-5956-3B40-B456-F5FA7AA2BE52.bcsymbolmap ... 
2020-12-10 17:58:34 +0000  1652092 bytes for ./BEBD7A0B-5956-3B40-B456-F5FA7AA2BE52.bcsymbolmap
2020-12-10 17:58:34 +0000  /usr/bin/ditto exited with 0
2020-12-10 17:58:34 +0000  Processing step: IDEDistributionSymbolsStep
2020-12-10 17:58:34 +0000  Excluding symbols for libswiftCore.dylib
2020-12-10 17:58:35 +0000  Excluding symbols for Cycling Code.app
2020-12-10 17:58:35 +0000  Processing step: IDEDistributionCopyAppleProvidedContentStep
2020-12-10 17:58:35 +0000  Running /usr/bin/ditto '-V' '/Users/koenvanginkel/Library/Developer/Xcode/Archives/2020-12-10/CyclingCode 10-12-2020, 18.57.42.xcarchive/SwiftSupport' '/var/folders/hv/5nvw8mv51vd5y19_pc5_nbbm0000gn/T/XcodeDistPipeline.~~~kTd1nu/Root/SwiftSupport'
2020-12-10 17:58:35 +0000  >>> Copying /Users/koenvanginkel/Library/Developer/Xcode/Archives/2020-12-10/CyclingCode 10-12-2020, 18.57.42.xcarchive/SwiftSupport 
2020-12-10 17:58:35 +0000  copying file ./iphoneos/libswiftCore.dylib ... 
2020-12-10 17:58:35 +0000  140528488 bytes for ./iphoneos/libswiftCore.dylib
2020-12-10 17:58:35 +0000  /usr/bin/ditto exited with 0
2020-12-10 17:58:35 +0000  Processing step: IDEDistributionAppThinningStep
2020-12-10 17:58:35 +0000  Skipping step: IDEDistributionAppThinningStep because it said so
2020-12-10 17:58:35 +0000  Processing step: IDEDistributionArchThinningStep
2020-12-10 17:58:35 +0000  Running /Applications/Xcode.app/Contents/Developer/Toolchains/XcodeDefault.xctoolchain/usr/bin/lipo '/var/folders/hv/5nvw8mv51vd5y19_pc5_nbbm0000gn/T/XcodeDistPipeline.~~~kTd1nu/Root/Payload/Cycling Code.app/Frameworks/libswiftCore.dylib' '-verify_arch' 'arm64e'
2020-12-10 17:58:35 +0000  /Applications/Xcode.app/Contents/Developer/Toolchains/XcodeDefault.xctoolchain/usr/bin/lipo exited with 0
2020-12-10 17:58:35 +0000  Running /Applications/Xcode.app/Contents/Developer/Toolchains/XcodeDefault.xctoolchain/usr/bin/lipo '/var/folders/hv/5nvw8mv51vd5y19_pc5_nbbm0000gn/T/XcodeDistPipeline.~~~kTd1nu/Root/Payload/Cycling Code.app/Frameworks/libswiftCore.dylib' '-remove' 'arm64e' '-output' '/var/folders/hv/5nvw8mv51vd5y19_pc5_nbbm0000gn/T/XcodeDistPipeline.~~~kTd1nu/Root/Payload/Cycling Code.app/Frameworks/libswiftCore.dylib'
2020-12-10 17:58:35 +0000  /Applications/Xcode.app/Contents/Developer/Toolchains/XcodeDefault.xctoolchain/usr/bin/lipo exited with 0
2020-12-10 17:58:35 +0000  Successfully thinned item "libswiftCore.dylib", arch "arm64e"
2020-12-10 17:58:35 +0000  Running /Applications/Xcode.app/Contents/Developer/Toolchains/XcodeDefault.xctoolchain/usr/bin/lipo '/var/folders/hv/5nvw8mv51vd5y19_pc5_nbbm0000gn/T/XcodeDistPipeline.~~~kTd1nu/Root/Payload/Cycling Code.app/Cycling Code' '-verify_arch' 'arm64e'
2020-12-10 17:58:35 +0000  /Applications/Xcode.app/Contents/Developer/Toolchains/XcodeDefault.xctoolchain/usr/bin/lipo exited with 1
2020-12-10 17:58:35 +0000  Skipping architecture thinning for item "Cycling Code" because arch "arm64e" wasn't found
2020-12-10 17:58:35 +0000  Processing step: IDEDistributionODRStep
2020-12-10 17:58:35 +0000  Processing step: IDEDistributionStripXattrsStep
2020-12-10 17:58:35 +0000  Skipping stripping extended attributes of item: <IDEDistributionItem: 0x7fe672c631d0; bundleID='com.apple.dt.runtime.swiftCore', path='<DVTFilePath:0x7fe612089480:'/Users/koenvanginkel/Library/Developer/Xcode/Archives/2020-12-10/CyclingCode 10-12-2020, 18.57.42.xcarchive/Products/Applications/Cycling Code.app/Frameworks/libswiftCore.dylib'>', codeSigningInfo='<_DVTCodeSigningInformation_Path: 0x7fe63cfcde50; isSigned='1', isAdHocSigned='0', signingCertificate='<DVTSigningCertificate: 0x7fe60c42f8d0; name='Apple Development: koen@fixjeiphone.nl (JJ6AV7PB84)', hash='35ED771631D5A096F9F0C7A79B2B3038FDFFCACF', serialNumber='FEFDFF867D1B48B', certificateKinds='(
    "1.2.840.113635.100.6.1.12",
    "1.2.840.113635.100.6.1.2"
), issueDate='2020-06-21 14:53:21 +0000''>', entitlements='(null)', teamID='8LHATU4WP9', identifier='com.apple.dt.runtime.swiftCore', executablePath='<DVTFilePath:0x7fe612089480:'/Users/koenvanginkel/Library/Developer/Xcode/Archives/2020-12-10/CyclingCode 10-12-2020, 18.57.42.xcarchive/Products/Applications/Cycling Code.app/Frameworks/libswiftCore.dylib'>', hardenedRuntime='0'>'>
2020-12-10 17:58:35 +0000  Running /usr/bin/xattr '-crs' '/var/folders/hv/5nvw8mv51vd5y19_pc5_nbbm0000gn/T/XcodeDistPipeline.~~~kTd1nu/Root/Payload/Cycling Code.app'
2020-12-10 17:58:35 +0000  /usr/bin/xattr exited with 0
2020-12-10 17:58:35 +0000  Processing step: IDEDistributionCodesignStep
2020-12-10 17:58:35 +0000  Entitlements for <IDEDistributionItem: 0x7fe672c631d0; bundleID='com.apple.dt.runtime.swiftCore', path='<DVTFilePath:0x7fe612089480:'/Users/koenvanginkel/Library/Developer/Xcode/Archives/2020-12-10/CyclingCode 10-12-2020, 18.57.42.xcarchive/Products/Applications/Cycling Code.app/Frameworks/libswiftCore.dylib'>', codeSigningInfo='<_DVTCodeSigningInformation_Path: 0x7fe63cfcde50; isSigned='1', isAdHocSigned='0', signingCertificate='<DVTSigningCertificate: 0x7fe671ca8cc0; name='Apple Development: koen@fixjeiphone.nl (JJ6AV7PB84)', hash='35ED771631D5A096F9F0C7A79B2B3038FDFFCACF', serialNumber='FEFDFF867D1B48B', certificateKinds='(
    "1.2.840.113635.100.6.1.12",
    "1.2.840.113635.100.6.1.2"
), issueDate='2020-06-21 14:53:21 +0000''>', entitlements='(null)', teamID='8LHATU4WP9', identifier='com.apple.dt.runtime.swiftCore', executablePath='<DVTFilePath:0x7fe612089480:'/Users/koenvanginkel/Library/Developer/Xcode/Archives/2020-12-10/CyclingCode 10-12-2020, 18.57.42.xcarchive/Products/Applications/Cycling Code.app/Frameworks/libswiftCore.dylib'>', hardenedRuntime='0'>'>: {
}
2020-12-10 17:58:35 +0000  Writing entitlements for <IDEDistributionItem: 0x7fe672c631d0; bundleID='com.apple.dt.runtime.swiftCore', path='<DVTFilePath:0x7fe612089480:'/Users/koenvanginkel/Library/Developer/Xcode/Archives/2020-12-10/CyclingCode 10-12-2020, 18.57.42.xcarchive/Products/Applications/Cycling Code.app/Frameworks/libswiftCore.dylib'>', codeSigningInfo='<_DVTCodeSigningInformation_Path: 0x7fe63cfcde50; isSigned='1', isAdHocSigned='0', signingCertificate='<DVTSigningCertificate: 0x7fe60c42f8d0; name='Apple Development: koen@fixjeiphone.nl (JJ6AV7PB84)', hash='35ED771631D5A096F9F0C7A79B2B3038FDFFCACF', serialNumber='FEFDFF867D1B48B', certificateKinds='(
    "1.2.840.113635.100.6.1.12",
    "1.2.840.113635.100.6.1.2"
), issueDate='2020-06-21 14:53:21 +0000''>', entitlements='(null)', teamID='8LHATU4WP9', identifier='com.apple.dt.runtime.swiftCore', executablePath='<DVTFilePath:0x7fe612089480:'/Users/koenvanginkel/Library/Developer/Xcode/Archives/2020-12-10/CyclingCode 10-12-2020, 18.57.42.xcarchive/Products/Applications/Cycling Code.app/Frameworks/libswiftCore.dylib'>', hardenedRuntime='0'>'> to: /var/folders/hv/5nvw8mv51vd5y19_pc5_nbbm0000gn/T/XcodeDistPipeline.~~~kTd1nu/entitlements~~~p4Pc1E
2020-12-10 17:58:35 +0000  Running /usr/bin/codesign '-vvv' '--force' '--sign' 'D2D4319DFF7938E36200D10D52F7A673DE8F348C' '--entitlements' '/var/folders/hv/5nvw8mv51vd5y19_pc5_nbbm0000gn/T/XcodeDistPipeline.~~~kTd1nu/entitlements~~~p4Pc1E' '--preserve-metadata=identifier,flags,runtime' '/var/folders/hv/5nvw8mv51vd5y19_pc5_nbbm0000gn/T/XcodeDistPipeline.~~~kTd1nu/Root/Payload/Cycling Code.app/Frameworks/libswiftCore.dylib'
2020-12-10 17:58:35 +0000  /var/folders/hv/5nvw8mv51vd5y19_pc5_nbbm0000gn/T/XcodeDistPipeline.~~~kTd1nu/Root/Payload/Cycling Code.app/Frameworks/libswiftCore.dylib: replacing existing signature
2020-12-10 17:58:36 +0000  /var/folders/hv/5nvw8mv51vd5y19_pc5_nbbm0000gn/T/XcodeDistPipeline.~~~kTd1nu/Root/Payload/Cycling Code.app/Frameworks/libswiftCore.dylib: signed Mach-O universal (armv7 armv7s arm64) [com.apple.dt.runtime.swiftCore]
2020-12-10 17:58:36 +0000  /usr/bin/codesign exited with 0
2020-12-10 17:58:36 +0000  Entitlements for <IDEDistributionItem: 0x7fe672cd2750; bundleID='nl.appicsoftware.cyclingcode', path='<DVTFilePath:0x7fe672cff210:'/Users/koenvanginkel/Library/Developer/Xcode/Archives/2020-12-10/CyclingCode 10-12-2020, 18.57.42.xcarchive/Products/Applications/Cycling Code.app'>', codeSigningInfo='<_DVTCodeSigningInformation_Path: 0x7fe614d45f90; isSigned='1', isAdHocSigned='0', signingCertificate='<DVTSigningCertificate: 0x7fe63aab0720; name='Apple Development: koen@fixjeiphone.nl (JJ6AV7PB84)', hash='35ED771631D5A096F9F0C7A79B2B3038FDFFCACF', serialNumber='FEFDFF867D1B48B', certificateKinds='(
    "1.2.840.113635.100.6.1.12",
    "1.2.840.113635.100.6.1.2"
), issueDate='2020-06-21 14:53:21 +0000''>', entitlements='{
    "application-identifier" = "8LHATU4WP9.nl.appicsoftware.cyclingcode";
    "com.apple.developer.team-identifier" = 8LHATU4WP9;
    "get-task-allow" = 1;
    "keychain-access-groups" =     (
        "8LHATU4WP9.nl.appicsoftware.cyclingcode"
    );
}', teamID='8LHATU4WP9', identifier='nl.appicsoftware.cyclingcode', executablePath='<DVTFilePath:0x7fe672c2f5a0:'/Users/koenvanginkel/Library/Developer/Xcode/Archives/2020-12-10/CyclingCode 10-12-2020, 18.57.42.xcarchive/Products/Applications/Cycling Code.app/Cycling Code'>', hardenedRuntime='0'>'>: {
    "application-identifier" = "8LHATU4WP9.nl.appicsoftware.cyclingcode";
    "beta-reports-active" = 1;
    "com.apple.developer.team-identifier" = 8LHATU4WP9;
    "get-task-allow" = 0;
    "keychain-access-groups" =     (
        "8LHATU4WP9.nl.appicsoftware.cyclingcode"
    );
}
2020-12-10 17:58:36 +0000  Writing entitlements for <IDEDistributionItem: 0x7fe672cd2750; bundleID='nl.appicsoftware.cyclingcode', path='<DVTFilePath:0x7fe672cff210:'/Users/koenvanginkel/Library/Developer/Xcode/Archives/2020-12-10/CyclingCode 10-12-2020, 18.57.42.xcarchive/Products/Applications/Cycling Code.app'>', codeSigningInfo='<_DVTCodeSigningInformation_Path: 0x7fe614d45f90; isSigned='1', isAdHocSigned='0', signingCertificate='<DVTSigningCertificate: 0x7fe62f5a0ce0; name='Apple Development: koen@fixjeiphone.nl (JJ6AV7PB84)', hash='35ED771631D5A096F9F0C7A79B2B3038FDFFCACF', serialNumber='FEFDFF867D1B48B', certificateKinds='(
    "1.2.840.113635.100.6.1.12",
    "1.2.840.113635.100.6.1.2"
), issueDate='2020-06-21 14:53:21 +0000''>', entitlements='{
    "application-identifier" = "8LHATU4WP9.nl.appicsoftware.cyclingcode";
    "com.apple.developer.team-identifier" = 8LHATU4WP9;
    "get-task-allow" = 1;
    "keychain-access-groups" =     (
        "8LHATU4WP9.nl.appicsoftware.cyclingcode"
    );
}', teamID='8LHATU4WP9', identifier='nl.appicsoftware.cyclingcode', executablePath='<DVTFilePath:0x7fe672c2f5a0:'/Users/koenvanginkel/Library/Developer/Xcode/Archives/2020-12-10/CyclingCode 10-12-2020, 18.57.42.xcarchive/Products/Applications/Cycling Code.app/Cycling Code'>', hardenedRuntime='0'>'> to: /var/folders/hv/5nvw8mv51vd5y19_pc5_nbbm0000gn/T/XcodeDistPipeline.~~~kTd1nu/entitlements~~~H6dtSJ
2020-12-10 17:58:36 +0000  Running /usr/bin/codesign '-vvv' '--force' '--sign' 'D2D4319DFF7938E36200D10D52F7A673DE8F348C' '--entitlements' '/var/folders/hv/5nvw8mv51vd5y19_pc5_nbbm0000gn/T/XcodeDistPipeline.~~~kTd1nu/entitlements~~~H6dtSJ' '--preserve-metadata=identifier,flags,runtime' '/var/folders/hv/5nvw8mv51vd5y19_pc5_nbbm0000gn/T/XcodeDistPipeline.~~~kTd1nu/Root/Payload/Cycling Code.app'
2020-12-10 17:58:37 +0000  /var/folders/hv/5nvw8mv51vd5y19_pc5_nbbm0000gn/T/XcodeDistPipeline.~~~kTd1nu/Root/Payload/Cycling Code.app: signed app bundle with Mach-O universal (armv7 arm64) [nl.appicsoftware.cyclingcode]
2020-12-10 17:58:37 +0000  /usr/bin/codesign exited with 0
2020-12-10 17:58:37 +0000  Processing step: IDEDistributionZipODRItemStep
2020-12-10 17:58:37 +0000  Skipping step: IDEDistributionZipODRItemStep because it said so
2020-12-10 17:58:37 +0000  Skipping step: IDEDistributionZipODRItemStep because it said so
2020-12-10 17:58:37 +0000  Processing step: IDEDistributionCreateIPAStep
2020-12-10 17:58:37 +0000  Running /usr/bin/ditto '-V' '-c' '-k' '--norsrc' '/var/folders/hv/5nvw8mv51vd5y19_pc5_nbbm0000gn/T/XcodeDistPipeline.~~~kTd1nu/Root' '/var/folders/hv/5nvw8mv51vd5y19_pc5_nbbm0000gn/T/XcodeDistPipeline.~~~kTd1nu/Packages/CyclingCode.ipa'
2020-12-10 17:58:37 +0000  >>> Copying /var/folders/hv/5nvw8mv51vd5y19_pc5_nbbm0000gn/T/XcodeDistPipeline.~~~kTd1nu/Root 
2020-12-10 17:58:37 +0000  copying file ./BCSymbolMaps/9AAEAC8B-94B2-3A4E-B15A-B34B48B7DC18.bcsymbolmap ... 
2020-12-10 17:58:37 +0000  1609252 bytes for ./BCSymbolMaps/9AAEAC8B-94B2-3A4E-B15A-B34B48B7DC18.bcsymbolmap
2020-12-10 17:58:37 +0000  copying file ./BCSymbolMaps/BEBD7A0B-5956-3B40-B456-F5FA7AA2BE52.bcsymbolmap ... 
2020-12-10 17:58:37 +0000  1652092 bytes for ./BCSymbolMaps/BEBD7A0B-5956-3B40-B456-F5FA7AA2BE52.bcsymbolmap
2020-12-10 17:58:37 +0000  copying file ./Payload/Cycling Code.app/_CodeSignature/CodeResources ... 
2020-12-10 17:58:37 +0000  10264 bytes for ./Payload/Cycling Code.app/_CodeSignature/CodeResources
2020-12-10 17:58:37 +0000  copying file ./Payload/Cycling Code.app/AppIcon20x20@2x.png ... 
2020-12-10 17:58:37 +0000  3727 bytes for ./Payload/Cycling Code.app/AppIcon20x20@2x.png
copying file ./Payload/Cycling Code.app/gillsans.otf ... 
2020-12-10 17:58:37 +0000  149908 bytes for ./Payload/Cycling Code.app/gillsans.otf
2020-12-10 17:58:37 +0000  copying file ./Payload/Cycling Code.app/Cycling Code ... 
2020-12-10 17:58:38 +0000  30527136 bytes for ./Payload/Cycling Code.app/Cycling Code
2020-12-10 17:58:38 +0000  copying file ./Payload/Cycling Code.app/AppIcon20x20@3x.png ... 
2020-12-10 17:58:38 +0000  6502 bytes for ./Payload/Cycling Code.app/AppIcon20x20@3x.png
2020-12-10 17:58:38 +0000  copying file ./Payload/Cycling Code.app/AppIcon60x60@2x.png ... 
2020-12-10 17:58:38 +0000  15262 bytes for ./Payload/Cycling Code.app/AppIcon60x60@2x.png
2020-12-10 17:58:38 +0000  copying file ./Payload/Cycling Code.app/AppIcon29x29@2x.png ... 
2020-12-10 17:58:38 +0000  6178 bytes for ./Payload/Cycling Code.app/AppIcon29x29@2x.png
2020-12-10 17:58:38 +0000  copying file ./Payload/Cycling Code.app/AppIcon40x40@3x.png ... 
2020-12-10 17:58:38 +0000  15262 bytes for ./Payload/Cycling Code.app/AppIcon40x40@3x.png
2020-12-10 17:58:38 +0000  copying file ./Payload/Cycling Code.app/AppIcon40x40@2x.png ... 
2020-12-10 17:58:38 +0000  9300 bytes for ./Payload/Cycling Code.app/AppIcon40x40@2x.png
2020-12-10 17:58:38 +0000  copying file ./Payload/Cycling Code.app/AppIcon29x29@3x.png ... 
2020-12-10 17:58:38 +0000  10412 bytes for ./Payload/Cycling Code.app/AppIcon29x29@3x.png
2020-12-10 17:58:38 +0000  copying file ./Payload/Cycling Code.app/AccessibilityResources.bundle/en.lproj/Localizable.strings ... 
2020-12-10 17:58:38 +0000  530 bytes for ./Payload/Cycling Code.app/AccessibilityResources.bundle/en.lproj/Localizable.strings
2020-12-10 17:58:38 +0000  copying file ./Payload/Cycling Code.app/AccessibilityResources.bundle/Info.plist ... 
2020-12-10 17:58:38 +0000  744 bytes for ./Payload/Cycling Code.app/AccessibilityResources.bundle/Info.plist
2020-12-10 17:58:38 +0000  copying file ./Payload/Cycling Code.app/AppIcon60x60@3x.png ... 
2020-12-10 17:58:38 +0000  23014 bytes for ./Payload/Cycling Code.app/AppIcon60x60@3x.png
2020-12-10 17:58:38 +0000  copying file ./Payload/Cycling Code.app/Assets.car ... 
2020-12-10 17:58:38 +0000  172056 bytes for ./Payload/Cycling Code.app/Assets.car
2020-12-10 17:58:38 +0000  copying file ./Payload/Cycling Code.app/futura.otf ... 
2020-12-10 17:58:38 +0000  23672 bytes for ./Payload/Cycling Code.app/futura.otf
2020-12-10 17:58:38 +0000  copying file ./Payload/Cycling Code.app/main.jsbundle ... 
2020-12-10 17:58:38 +0000  685256 bytes for ./Payload/Cycling Code.app/main.jsbundle
2020-12-10 17:58:38 +0000  copying file ./Payload/Cycling Code.app/LaunchScreen.storyboardc/01J-lp-oVM-view-Ze5-6b-2t3.nib/objects-11.0+.nib ... 
2020-12-10 17:58:38 +0000  4225 bytes for ./Payload/Cycling Code.app/LaunchScreen.storyboardc/01J-lp-oVM-view-Ze5-6b-2t3.nib/objects-11.0+.nib
2020-12-10 17:58:38 +0000  copying file ./Payload/Cycling Code.app/LaunchScreen.storyboardc/01J-lp-oVM-view-Ze5-6b-2t3.nib/runtime.nib ... 
2020-12-10 17:58:38 +0000  4355 bytes for ./Payload/Cycling Code.app/LaunchScreen.storyboardc/01J-lp-oVM-view-Ze5-6b-2t3.nib/runtime.nib
2020-12-10 17:58:38 +0000  copying file ./Payload/Cycling Code.app/LaunchScreen.storyboardc/UIViewController-01J-lp-oVM.nib/objects-11.0+.nib ... 
2020-12-10 17:58:38 +0000  896 bytes for ./Payload/Cycling Code.app/LaunchScreen.storyboardc/UIViewController-01J-lp-oVM.nib/objects-11.0+.nib
2020-12-10 17:58:38 +0000  copying file ./Payload/Cycling Code.app/LaunchScreen.storyboardc/UIViewController-01J-lp-oVM.nib/runtime.nib ... 
2020-12-10 17:58:38 +0000  896 bytes for ./Payload/Cycling Code.app/LaunchScreen.storyboardc/UIViewController-01J-lp-oVM.nib/runtime.nib
2020-12-10 17:58:38 +0000  copying file ./Payload/Cycling Code.app/LaunchScreen.storyboardc/Info.plist ... 
2020-12-10 17:58:38 +0000  258 bytes for ./Payload/Cycling Code.app/LaunchScreen.storyboardc/Info.plist
2020-12-10 17:58:38 +0000  copying file ./Payload/Cycling Code.app/Frameworks/libswiftCore.dylib ... 
2020-12-10 17:58:41 +0000  69852784 bytes for ./Payload/Cycling Code.app/Frameworks/libswiftCore.dylib
2020-12-10 17:58:41 +0000  copying file ./Payload/Cycling Code.app/embedded.mobileprovision ... 
2020-12-10 17:58:41 +0000  7360 bytes for ./Payload/Cycling Code.app/embedded.mobileprovision
2020-12-10 17:58:41 +0000  copying file ./Payload/Cycling Code.app/assets/app.json ... 
2020-12-10 17:58:41 +0000  60 bytes for ./Payload/Cycling Code.app/assets/app.json
2020-12-10 17:58:41 +0000  copying file ./Payload/Cycling Code.app/assets/src/assets/day.png ... 
2020-12-10 17:58:41 +0000  12079 bytes for ./Payload/Cycling Code.app/assets/src/assets/day.png
2020-12-10 17:58:41 +0000  copying file ./Payload/Cycling Code.app/assets/src/assets/nl.png ... 
2020-12-10 17:58:41 +0000  21712 bytes for ./Payload/Cycling Code.app/assets/src/assets/nl.png
2020-12-10 17:58:41 +0000  copying file ./Payload/Cycling Code.app/assets/src/assets/winddir.png ... 
2020-12-10 17:58:41 +0000  30184 bytes for ./Payload/Cycling Code.app/assets/src/assets/winddir.png
2020-12-10 17:58:41 +0000  copying file ./Payload/Cycling Code.app/assets/src/assets/night.png ... 
2020-12-10 17:58:41 +0000  13682 bytes for ./Payload/Cycling Code.app/assets/src/assets/night.png
2020-12-10 17:58:41 +0000  copying file ./Payload/Cycling Code.app/Info.plist ... 
2020-12-10 17:58:41 +0000  1436 bytes for ./Payload/Cycling Code.app/Info.plist
copying file ./Payload/Cycling Code.app/PkgInfo ... 
2020-12-10 17:58:41 +0000  8 bytes for ./Payload/Cycling Code.app/PkgInfo
2020-12-10 17:58:41 +0000  copying file ./SwiftSupport/iphoneos/libswiftCore.dylib ... 
2020-12-10 17:58:46 +0000  95497472 bytes for ./SwiftSupport/iphoneos/libswiftCore.dylib
2020-12-10 17:58:46 +0000  /usr/bin/ditto exited with 0
2020-12-10 17:58:46 +0000  Processing step: IDEDistributionAppStoreInformationStep
2020-12-10 17:58:46 +0000  Skipping step: IDEDistributionAppStoreInformationStep because it said so
2020-12-10 17:58:46 +0000  Processing step: IDEDistributionGenerateProcessedDistributionItems
2020-12-10 17:58:46 +0000  Processing step: IDEDistributionCreateManifestStep
2020-12-10 17:58:46 +0000  Skipping step: IDEDistributionCreateManifestStep because it said so
